<?xml version="1.0" encoding="UTF-8"?>
<!-- Generated by org.testng.reporters.JUnitReportReporter -->
<testsuite skipped="0" hostname="DESKTOP-0397FS0" name="TestScrpit.Testcase1" tests="1" failures="0" timestamp="2022-08-20T15:03:14 IST" time="29.765" errors="0">
  <testcase name="test1" time="29.765" classname="TestScrpit.Testcase1"/>
  <system-out/>
</testsuite> <!-- TestScrpit.Testcase1 -->
